R-ops/s R-ms/ops total-R-ops W-ops/s W-ms/ops total-W-ops Uptime-ms maxWrittenKey maxGeneratedKey
2221.32 9.01 11154 202.77 9.77 1015 5025 1014 1016
4872.84 4.93 35534 256.48 7.80 2298 10027 2297 2299
6880.43 3.49 69939 321.78 6.21 3907 15028 3906 3908
6951.01 3.45 104697 317.77 6.29 5496 20028 5494 5497
6331.87 3.79 136359 299.17 6.68 6992 25029 6991 6993
7034.19 3.41 171534 325.76 6.14 8621 30029 8620 8622
6901.10 3.48 206042 322.58 6.20 10234 35030 10233 10235
6864.03 3.49 240365 310.57 6.43 11787 40030 11786 11788
6902.86 3.48 274882 311.57 6.41 13345 45030 13344 13346
6426.57 3.73 307018 285.77 7.00 14774 50031 14773 14775
6455.30 3.72 339297 287.98 6.93 16214 55031 16213 16215
6760.65 3.55 373103 308.18 6.49 17755 60032 17754 17756
6682.30 3.59 406517 296.78 6.74 19239 65032 19238 19240
6814.88 3.52 440594 317.98 6.29 20829 70032 20828 20830
6878.38 3.49 474989 313.17 6.39 22395 75033 22394 22396
6838.89 3.51 509186 307.58 6.50 23933 80033 23932 23934
6871.43 3.49 543547 306.77 6.51 25467 85034 25466 25468
6826.45 3.51 577686 308.14 6.48 27008 90035 27007 27009
6737.68 3.56 611377 305.37 6.55 28535 95035 28534 28536
6850.61 3.50 645633 311.78 6.42 30094 100036 30093 30095
6517.46 3.68 678240 290.22 6.88 31546 105039 31545 31547
6927.69 3.47 712881 305.78 6.54 33075 110039 33074 33076
6813.42 3.52 746951 308.37 6.48 34617 115039 34616 34618
6939.94 3.46 781654 315.77 6.33 36196 120040 36195 36197
6723.31 3.57 815273 303.58 6.59 37714 125040 37713 37715
6678.26 3.59 848667 299.77 6.67 39213 130041 39212 39214
6799.67 3.53 882669 312.17 6.41 40774 135041 40773 40775
6939.18 3.46 917368 309.97 6.45 42324 140042 42323 42325
6945.06 3.45 952096 312.18 6.40 43885 145042 43884 43886
6837.50 3.51 986286 313.78 6.37 45454 150042 45453 45455
6728.65 3.57 1019932 308.97 6.48 46999 155043 46998 47000
6812.30 3.52 1053999 317.15 6.31 48585 160044 48584 48586
6863.07 3.50 1088319 314.56 6.36 50158 165044 50156 50159
6576.24 3.65 1121203 296.57 6.74 51641 170045 51640 51642
6490.22 3.70 1153657 279.78 7.15 53040 175045 53039 53041
6797.86 3.53 1187649 303.18 6.59 54556 180046 54555 54557
6766.29 3.55 1221483 296.18 6.75 56037 185046 56036 56038
6805.09 3.53 1255511 303.98 6.58 57557 190046 57556 57558
6668.09 3.60 1288854 295.38 6.77 59034 195047 59033 59035
6836.29 3.51 1323039 316.57 6.31 60617 200047 60616 60618
6835.11 3.51 1357217 314.18 6.37 62188 205048 62187 62189
6822.12 3.51 1391330 304.98 6.55 63713 210048 63712 63714
6747.87 3.56 1425072 297.18 6.74 65199 215048 65198 65200
6671.93 3.60 1458434 299.18 6.68 66695 220049 66694 66696
6457.89 3.71 1490726 285.38 7.00 68122 225049 68121 68123
1859.27 3.50 1500023 685.55 2.92 71550 230049 71549 71551
0.00 0.00 1500023 725.34 2.76 75177 235050 75176 75178
0.00 0.00 1500023 836.74 2.39 79361 240050 79360 79362
0.00 0.00 1500023 805.14 2.48 83387 245051 83386 83388
0.00 0.00 1500023 823.94 2.43 87507 250051 87505 87508
0.00 0.00 1500023 836.73 2.39 91691 255051 91690 91692
0.00 0.00 1500023 835.14 2.39 95867 260052 95866 95868
0.00 0.00 1500023 827.94 2.41 100007 265052 100006 100008
0.00 0.00 1500023 820.54 2.44 104110 270052 104109 104111
0.00 0.00 1500023 781.13 2.56 108016 275053 108015 108017
0.00 0.00 1500023 800.14 2.50 112017 280053 112016 112018
0.00 0.00 1500023 824.14 2.43 116138 285054 116137 116139
0.00 0.00 1500023 817.74 2.44 120227 290054 120226 120228
0.00 0.00 1500023 828.53 2.41 124370 295054 124369 124371
0.00 0.00 1500023 842.93 2.37 128585 300055 128584 128586
0.00 0.00 1500023 835.93 2.39 132765 305055 132764 132766
0.00 0.00 1500023 838.34 2.38 136957 310056 136956 136958
0.00 0.00 1500023 835.34 2.39 141134 315056 141133 141135
0.00 0.00 1500023 839.94 2.38 145334 320056 145333 145335
0.00 0.00 1500023 835.74 2.39 149513 325057 149512 149514
0.00 0.00 1500023 824.14 2.42 153634 330057 153633 153635
0.00 0.00 1500023 809.15 2.47 157680 335057 157679 157681
0.00 0.00 1500023 776.75 2.57 161564 340058 161563 161565
0.00 0.00 1500023 807.14 2.48 165600 345058 165599 165601
0.00 0.00 1500023 837.34 2.39 169787 350058 169786 169788
0.00 0.00 1500023 835.73 2.39 173966 355059 173965 173967
0.00 0.00 1500023 828.73 2.41 178110 360059 178109 178111
0.00 0.00 1500023 830.34 2.41 182262 365060 182261 182263
0.00 0.00 1500023 812.94 2.46 186327 370060 186326 186328
0.00 0.00 1500023 830.94 2.41 190482 375060 190481 190483
0.00 0.00 1500023 831.34 2.40 194639 380061 194638 194640
0.00 0.00 1500023 822.34 2.43 198751 385061 198750 198752
0.00 0.00 1500023 819.94 2.44 202851 390061 202850 202852
0.00 0.00 1500023 810.34 2.47 206903 395062 206902 206904
0.00 0.00 1500023 840.34 2.38 211105 400062 211104 211106
0.00 0.00 1500023 809.94 2.45 215155 405063 215118 215156
0.00 0.00 1500023 692.46 2.91 218618 410063 218617 218619
0.00 0.00 1500023 705.75 2.83 222147 415064 222145 222148
0.00 0.00 1500023 848.35 2.36 226389 420064 226388 226390
0.00 0.00 1500023 938.94 2.13 231084 425064 231083 231085
0.00 0.00 1500023 857.54 2.33 235372 430065 235371 235373
0.00 0.00 1500023 815.94 2.45 239452 435065 239451 239453
0.00 0.00 1500023 815.34 2.45 243529 440066 243528 243530
0.00 0.00 1500023 817.36 2.45 247616 445066 247615 247617
0.00 0.00 1500023 820.94 2.43 251721 450066 251720 251722
0.00 0.00 1500023 824.93 2.42 255846 455067 255845 255847
0.00 0.00 1500023 821.94 2.43 259956 460067 259955 259957
0.00 0.00 1500023 836.54 2.39 264139 465067 264138 264140
0.00 0.00 1500023 796.95 2.51 268124 470068 268123 268125
0.00 0.00 1500023 806.73 2.48 272158 475068 272157 272159
0.00 0.00 1500023 831.14 2.41 276314 480068 276312 276315
0.00 0.00 1500023 829.92 2.41 280464 485069 280463 280465
0.00 0.00 1500023 834.34 2.40 284636 490069 284635 284637
0.00 0.00 1500023 838.14 2.39 288827 495070 288826 288828
0.00 0.00 1500023 831.54 2.40 292985 500070 292984 292986
0.00 0.00 1500023 833.35 2.40 297152 505070 297151 297153
0.00 0.00 1500023 825.15 2.42 301278 510071 301277 301279
0.00 0.00 1500023 769.94 2.60 305128 515071 305127 305129
0.00 0.00 1500023 769.35 2.60 308975 520071 308974 308976
0.00 0.00 1500023 790.55 2.53 312928 525072 312926 312929
0.00 0.00 1500023 818.74 2.44 317022 530072 317021 317023
0.00 0.00 1500023 827.53 2.41 321160 535072 321159 321161
0.00 0.00 1500023 828.72 2.41 325304 540073 325302 325305
0.00 0.00 1500023 836.13 2.39 329485 545073 329484 329486
0.00 0.00 1500023 842.34 2.37 333697 550074 333696 333698
0.00 0.00 1500023 820.33 2.44 337799 555074 337798 337800
0.00 0.00 1500023 816.54 2.45 341882 560074 341881 341883
0.00 0.00 1500023 830.95 2.41 346037 565075 346036 346038
0.00 0.00 1500023 884.74 2.26 350461 570075 350460 350462
0.00 0.00 1500023 901.74 2.22 354970 575075 354969 354971
0.00 0.00 1500023 927.74 2.15 359609 580076 359608 359610
0.00 0.00 1500023 939.94 2.13 364309 585076 364308 364310
0.00 0.00 1500023 940.34 2.13 369011 590076 369010 369012
0.00 0.00 1500023 951.13 2.10 373767 595077 373766 373768
0.00 0.00 1500023 929.14 2.15 378413 600077 378412 378414
0.00 0.00 1500023 942.74 2.12 383127 605077 383126 383128
0.00 0.00 1500023 937.14 2.13 387813 610078 387812 387814
0.00 0.00 1500023 932.52 2.14 392476 615078 392475 392477
0.00 0.00 1500023 927.74 2.15 397115 620078 397114 397116
0.00 0.00 1500023 934.54 2.14 401788 625079 401787 401789
0.00 0.00 1500023 922.73 2.17 406402 630079 406401 406403
0.00 0.00 1500023 921.94 2.17 411012 635079 411011 411013
0.00 0.00 1500023 923.94 2.16 415632 640080 415631 415633
0.00 0.00 1500023 940.09 2.13 420333 645080 420332 420334
0.00 0.00 1500023 918.74 2.18 424927 650081 424926 424928
0.00 0.00 1500023 949.34 2.11 429674 655081 429673 429675
0.00 0.00 1500023 953.54 2.10 434442 660081 434440 434443
0.00 0.00 1500023 957.34 2.09 439229 665082 439228 439230
0.00 0.00 1500023 956.52 2.09 444012 670082 444011 444013
0.00 0.00 1500023 955.12 2.09 448788 675082 448787 448789
0.00 0.00 1500023 957.32 2.09 453575 680083 453574 453576
0.00 0.00 1500023 929.74 2.15 458224 685083 458223 458225
0.00 0.00 1500023 912.34 2.19 462786 690083 462785 462787
0.00 0.00 1500023 949.14 2.11 467532 695084 467531 467533
0.00 0.00 1500023 948.13 2.11 472273 700084 472272 472274
0.00 0.00 1500023 955.54 2.09 477051 705084 477050 477052
0.00 0.00 1500023 947.34 2.11 481788 710085 481787 481789
0.00 0.00 1500023 964.34 2.07 486610 715085 486608 486611
0.00 0.00 1500023 956.33 2.09 491392 720086 491391 491393
0.00 0.00 1500023 955.54 2.09 496170 725086 496169 496171
0.00 0.00 1500023 953.14 2.10 500936 730086 500935 500937
0.00 0.00 1500023 937.94 2.13 505626 735086 505625 505627
0.00 0.00 1500023 931.54 2.15 510284 740087 510283 510285
0.00 0.00 1500023 947.34 2.11 515021 745087 515020 515022
0.00 0.00 1500023 939.74 2.13 519720 750087 519719 519721
0.00 0.00 1500023 949.34 2.11 524467 755088 524466 524468
0.00 0.00 1500023 949.94 2.10 529217 760088 529216 529218
0.00 0.00 1500023 950.94 2.10 533972 765088 533971 533973
0.00 0.00 1500023 924.74 2.16 538596 770089 538595 538597
0.00 0.00 1500023 971.93 2.06 543456 775089 543455 543457
0.00 0.00 1500023 954.34 2.09 548228 780089 548227 548229
0.00 0.00 1500023 966.94 2.07 553063 785090 553062 553064
0.00 0.00 1500023 937.93 2.13 557753 790090 557752 557754
0.00 0.00 1500023 918.14 2.18 562344 795090 562343 562345
0.00 0.00 1500023 961.14 2.08 567150 800091 567149 567151
0.00 0.00 1500023 961.33 2.08 571957 805091 571956 571958
0.00 0.00 1500023 950.34 2.10 576709 810091 576708 576710
0.00 0.00 1500023 946.34 2.11 581441 815092 581440 581442
0.00 0.00 1500023 955.94 2.09 586221 820092 586220 586222
0.00 0.00 1500023 943.14 2.12 590937 825092 590936 590938
0.00 0.00 1500023 968.94 2.06 595782 830092 595781 595783
0.00 0.00 1500023 969.33 2.06 600629 835093 600628 600630
0.00 0.00 1500023 964.14 2.07 605450 840093 605449 605451
0.00 0.00 1500023 955.34 2.09 610227 845093 610226 610228
0.00 0.00 1500023 969.94 2.06 615077 850094 615076 615078
0.00 0.00 1500023 958.34 2.09 619869 855094 619868 619870
0.00 0.00 1500023 973.73 2.05 624738 860094 624737 624739
0.00 0.00 1500023 916.33 2.18 629320 865095 629319 629321
0.00 0.00 1500023 959.54 2.08 634118 870095 634117 634119
0.00 0.00 1500023 959.73 2.08 638917 875095 638916 638918
0.00 0.00 1500023 969.74 2.06 643766 880096 643765 643767
0.00 0.00 1500023 977.13 2.05 648652 885096 648651 648653
0.00 0.00 1500023 962.54 2.08 653465 890096 653464 653466
0.00 0.00 1500023 976.33 2.05 658347 895097 658346 658348
0.00 0.00 1500023 966.14 2.07 663178 900097 663177 663179
0.00 0.00 1500023 967.14 2.07 668014 905097 668013 668015
0.00 0.00 1500023 972.32 2.06 672876 910098 672875 672877
0.00 0.00 1500023 958.14 2.09 677667 915098 677666 677668
0.00 0.00 1500023 976.14 2.05 682548 920098 682547 682549
0.00 0.00 1500023 958.73 2.08 687342 925099 687341 687343
0.00 0.00 1500023 951.12 2.10 692098 930099 692096 692099
0.00 0.00 1500023 956.73 2.09 696882 935100 696879 696883
0.00 0.00 1500023 970.94 2.06 701737 940100 701736 701738
0.00 0.00 1500023 967.34 2.07 706574 945100 706573 706575
0.00 0.00 1500023 951.94 2.10 711334 950100 711333 711335
0.00 0.00 1500023 964.13 2.07 716155 955101 716154 716156
0.00 0.00 1500023 958.14 2.09 720946 960101 720945 720947
0.00 0.00 1500023 970.94 2.06 725801 965101 725800 725802
0.00 0.00 1500023 964.54 2.07 730624 970102 730623 730625
0.00 0.00 1500023 978.74 2.04 735518 975102 735516 735519
0.00 0.00 1500023 982.54 2.03 740431 980102 740430 740432
0.00 0.00 1500023 981.94 2.03 745341 985103 745340 745342
0.00 0.00 1500023 961.14 2.08 750147 990103 750146 750148
0.00 0.00 1500023 969.93 2.06 754997 995103 754996 754998
0.00 0.00 1500023 993.54 2.01 759965 1000104 759964 759966
0.00 0.00 1500023 990.14 2.02 764916 1005104 764915 764917
0.00 0.00 1500023 956.13 2.09 769697 1010104 769696 769698
0.00 0.00 1500023 970.74 2.06 774551 1015105 774550 774552
0.00 0.00 1500023 971.94 2.06 779411 1020105 779410 779412
0.00 0.00 1500023 971.34 2.06 784268 1025105 784267 784269
0.00 0.00 1500023 960.34 2.08 789070 1030106 789069 789071
0.00 0.00 1500023 959.94 2.08 793870 1035106 793869 793871
0.00 0.00 1500023 961.14 2.08 798676 1040106 798675 798677
0.00 0.00 1500023 964.34 2.07 803498 1045106 803497 803499
0.00 0.00 1500023 957.94 2.09 808288 1050107 808287 808289
0.00 0.00 1500023 957.53 2.09 813076 1055107 813075 813077
0.00 0.00 1500023 965.53 2.07 817904 1060108 817903 817905
0.00 0.00 1500023 971.34 2.06 822761 1065108 822760 822762
0.00 0.00 1500023 982.33 2.03 827673 1070108 827672 827674
0.00 0.00 1500023 956.34 2.09 832455 1075109 832454 832456
0.00 0.00 1500023 973.34 2.05 837322 1080109 837321 837323
0.00 0.00 1500023 935.54 2.14 842000 1085109 841999 842001
0.00 0.00 1500023 974.13 2.05 846871 1090109 846870 846872
0.00 0.00 1500023 976.94 2.05 851756 1095110 851755 851757
0.00 0.00 1500023 981.74 2.04 856665 1100110 856664 856666
0.00 0.00 1500023 979.34 2.04 861562 1105110 861561 861563
0.00 0.00 1500023 975.14 2.05 866438 1110111 866437 866439
0.00 0.00 1500023 964.94 2.07 871263 1115111 871262 871264
0.00 0.00 1500023 969.14 2.06 876109 1120111 876108 876110
0.00 0.00 1500023 965.73 2.07 880938 1125112 880937 880939
0.00 0.00 1500023 937.52 2.13 885626 1130112 885625 885627
0.00 0.00 1500023 939.53 2.13 890324 1135112 890323 890325
0.00 0.00 1500023 953.13 2.10 895090 1140113 895089 895091
0.00 0.00 1500023 964.54 2.07 899913 1145113 899912 899914
0.00 0.00 1500023 941.54 2.12 904621 1150113 904620 904622
0.00 0.00 1500023 936.92 2.13 909306 1155114 909303 909307
0.00 0.00 1500023 965.51 2.07 914134 1160114 914133 914135
0.00 0.00 1500023 960.54 2.08 918937 1165115 918936 918938
0.00 0.00 1500023 959.34 2.08 923734 1170115 923733 923735
0.00 0.00 1500023 962.54 2.08 928547 1175115 928546 928548
0.00 0.00 1500023 970.14 2.06 933398 1180116 933397 933399
0.00 0.00 1500023 966.34 2.07 938230 1185116 938229 938231
0.00 0.00 1500023 972.54 2.05 943093 1190116 943092 943094
0.00 0.00 1500023 973.13 2.05 947959 1195117 947958 947960
0.00 0.00 1500023 923.33 2.17 952576 1200117 952575 952577
0.00 0.00 1500023 931.14 2.15 957232 1205117 957231 957233
0.00 0.00 1500023 948.94 2.11 961977 1210118 961976 961978
0.00 0.00 1500023 935.33 2.14 966654 1215118 966653 966655
0.00 0.00 1500023 958.52 2.09 971447 1220118 971446 971448
0.00 0.00 1500023 886.55 2.25 975880 1225119 975879 975881
0.00 0.00 1500023 950.54 2.10 980633 1230119 980632 980634
0.00 0.00 1500023 954.94 2.09 985408 1235119 985407 985409
0.00 0.00 1500023 947.74 2.11 990147 1240120 990146 990148
0.00 0.00 1500023 944.34 2.12 994869 1245120 994868 994870
0.00 0.00 1500023 913.14 2.19 999435 1250120 999434 999436
0.00 0.00 1500023 905.95 2.21 1003965 1255120 1003964 1003966
0.00 0.00 1500023 931.34 2.15 1008622 1260121 1008621 1008623
0.00 0.00 1500023 950.34 2.10 1013374 1265121 1013373 1013375
0.00 0.00 1500023 967.34 2.07 1018211 1270121 1018210 1018212
0.00 0.00 1500023 969.94 2.06 1023061 1275122 1023060 1023062
0.00 0.00 1500023 970.13 2.06 1027912 1280122 1027911 1027913
0.00 0.00 1500023 954.33 2.09 1032684 1285122 1032683 1032685
0.00 0.00 1500023 952.73 2.10 1037448 1290123 1037447 1037449
0.00 0.00 1500023 947.95 2.11 1042188 1295123 1042187 1042189
0.00 0.00 1500023 962.14 2.08 1046999 1300123 1046998 1047000
0.00 0.00 1500023 923.95 2.16 1051619 1305124 1051618 1051620
0.00 0.00 1500023 936.13 2.14 1056300 1310124 1056298 1056301
0.00 0.00 1500023 941.13 2.12 1061006 1315124 1061005 1061007
0.00 0.00 1500023 933.73 2.14 1065675 1320125 1065674 1065676
0.00 0.00 1500023 935.53 2.14 1070353 1325125 1070352 1070354
0.00 0.00 1500023 949.75 2.10 1075102 1330125 1075101 1075103
0.00 0.00 1500023 962.35 2.08 1079914 1335126 1079913 1079915
0.00 0.00 1500023 937.75 2.13 1084603 1340126 1084602 1084604
0.00 0.00 1500023 937.95 2.13 1089293 1345126 1089292 1089294
0.00 0.00 1500023 928.95 2.15 1093938 1350126 1093937 1093939
0.00 0.00 1500023 941.15 2.12 1098644 1355127 1098643 1098645
0.00 0.00 1500023 940.14 2.13 1103345 1360127 1103344 1103346
0.00 0.00 1500023 940.94 2.12 1108050 1365127 1108049 1108051
0.00 0.00 1500023 923.14 2.16 1112666 1370128 1112665 1112667
0.00 0.00 1500023 922.35 2.17 1117278 1375128 1117277 1117279
0.00 0.00 1500023 886.55 2.25 1121711 1380128 1121710 1121712
0.00 0.00 1500023 954.94 2.09 1126486 1385129 1126485 1126487
0.00 0.00 1500023 950.34 2.10 1131238 1390129 1131237 1131239
0.00 0.00 1500023 959.34 2.08 1136035 1395129 1136034 1136036
0.00 0.00 1500023 958.15 2.09 1140826 1400129 1140825 1140827
0.00 0.00 1500023 953.94 2.10 1145596 1405130 1145595 1145597
0.00 0.00 1500023 951.94 2.10 1150356 1410130 1150355 1150357
0.00 0.00 1500023 936.15 2.14 1155037 1415130 1155036 1155038
0.00 0.00 1500023 933.35 2.14 1159704 1420131 1159703 1159705
0.00 0.00 1500023 926.34 2.16 1164336 1425131 1164335 1164337
0.00 0.00 1500023 924.55 2.16 1168959 1430131 1168958 1168960
0.00 0.00 1500023 935.35 2.14 1173636 1435131 1173635 1173637
0.00 0.00 1500023 946.32 2.11 1178368 1440132 1178367 1178369
0.00 0.00 1500023 963.54 2.07 1183186 1445132 1183185 1183187
0.00 0.00 1500023 952.34 2.10 1187948 1450132 1187947 1187949
0.00 0.00 1500023 938.73 2.13 1192642 1455133 1192641 1192643
0.00 0.00 1500023 932.54 2.14 1197305 1460133 1197304 1197306
0.00 0.00 1500023 947.15 2.11 1202041 1465133 1202040 1202042
0.00 0.00 1500023 891.30 2.24 1206498 1470134 1206497 1206499
0.00 0.00 1500023 829.93 2.41 1210648 1475134 1210647 1210649
0.00 0.00 1500023 961.93 2.08 1215458 1480135 1215457 1215459
0.00 0.00 1500023 977.55 2.04 1220346 1485135 1220345 1220347
0.00 0.00 1500023 952.95 2.10 1225111 1490135 1225110 1225112
0.00 0.00 1500023 940.34 2.13 1229813 1495136 1229812 1229814
0.00 0.00 1500023 954.15 2.09 1234584 1500136 1234583 1234585
0.00 0.00 1500023 949.95 2.10 1239334 1505136 1239333 1239335
0.00 0.00 1500023 956.35 2.09 1244116 1510136 1244115 1244117
0.00 0.00 1500023 957.34 2.09 1248903 1515137 1248902 1248904
0.00 0.00 1500023 956.54 2.09 1253686 1520137 1253685 1253687
0.00 0.00 1500023 951.13 2.10 1258442 1525137 1258441 1258443
0.00 0.00 1500023 954.94 2.09 1263217 1530138 1263216 1263218
0.00 0.00 1500023 944.14 2.12 1267938 1535138 1267937 1267939
0.00 0.00 1500023 953.13 2.10 1272704 1540138 1272703 1272705
0.00 0.00 1500023 891.95 2.24 1277164 1545139 1277163 1277165
0.00 0.00 1500023 963.15 2.08 1281980 1550139 1281979 1281981
0.00 0.00 1500023 964.53 2.07 1286803 1555139 1286802 1286804
0.00 0.00 1500023 952.15 2.10 1291564 1560140 1291563 1291565
0.00 0.00 1500023 955.55 2.09 1296342 1565140 1296341 1296343
0.00 0.00 1500023 958.94 2.08 1301137 1570140 1301136 1301138
0.00 0.00 1500023 950.95 2.10 1305892 1575140 1305891 1305893
0.00 0.00 1500023 952.54 2.10 1310655 1580141 1310654 1310656
0.00 0.00 1500023 947.55 2.11 1315393 1585141 1315392 1315394
0.00 0.00 1500023 930.15 2.15 1320044 1590141 1320043 1320045
0.00 0.00 1500023 938.15 2.13 1324735 1595142 1324734 1324736
0.00 0.00 1500023 942.14 2.12 1329446 1600142 1329445 1329447
0.00 0.00 1500023 940.35 2.13 1334148 1605142 1334147 1334149
0.00 0.00 1500023 936.55 2.13 1338831 1610142 1338830 1338832
0.00 0.00 1500023 939.15 2.13 1343527 1615143 1343526 1343528
0.00 0.00 1500023 952.55 2.10 1348290 1620143 1348289 1348291
0.00 0.00 1500023 961.94 2.08 1353100 1625143 1353099 1353101
0.00 0.00 1500023 958.34 2.09 1357892 1630144 1357891 1357893
0.00 0.00 1500023 955.35 2.09 1362669 1635144 1362668 1362670
0.00 0.00 1500023 957.15 2.09 1367455 1640144 1367454 1367456
0.00 0.00 1500023 951.54 2.10 1372213 1645144 1372212 1372214
0.00 0.00 1500023 949.95 2.10 1376963 1650145 1376962 1376964
0.00 0.00 1500023 946.33 2.11 1381695 1655145 1381694 1381696
0.00 0.00 1500023 948.34 2.11 1386437 1660145 1386436 1386438
0.00 0.00 1500023 953.14 2.10 1391203 1665146 1391202 1391204
0.00 0.00 1500023 951.14 2.10 1395959 1670146 1395958 1395960
0.00 0.00 1500023 937.95 2.13 1400649 1675146 1400648 1400650
0.00 0.00 1500023 952.87 2.10 1405414 1680147 1405413 1405415
0.00 0.00 1500023 941.75 2.12 1410123 1685147 1410122 1410124
0.00 0.00 1500023 956.35 2.09 1414905 1690148 1414904 1414906
0.00 0.00 1500023 956.54 2.09 1419688 1695148 1419687 1419689
0.00 0.00 1500023 954.95 2.09 1424463 1700148 1424462 1424464
0.00 0.00 1500023 955.54 2.09 1429241 1705148 1429240 1429242
0.00 0.00 1500023 940.14 2.13 1433942 1710149 1433941 1433943
0.00 0.00 1500023 944.55 2.12 1438665 1715149 1438664 1438666
0.00 0.00 1500023 890.95 2.24 1443120 1720149 1443119 1443121
0.00 0.00 1500023 953.54 2.10 1447888 1725150 1447887 1447889
0.00 0.00 1500023 941.35 2.12 1452595 1730150 1452594 1452596
0.00 0.00 1500023 944.35 2.12 1457317 1735150 1457316 1457318
0.00 0.00 1500023 952.34 2.10 1462079 1740151 1462078 1462080
0.00 0.00 1500023 949.74 2.10 1466828 1745151 1466827 1466829
0.00 0.00 1500023 956.74 2.09 1471612 1750151 1471611 1471613
0.00 0.00 1500023 956.34 2.09 1476394 1755152 1476393 1476395
0.00 0.00 1500023 961.95 2.08 1481204 1760152 1481203 1481205
0.00 0.00 1500023 948.15 2.11 1485945 1765152 1485944 1485946
0.00 0.00 1500023 954.34 2.09 1490717 1770152 1490716 1490718
0.00 0.00 1500023 949.15 2.11 1495463 1775153 1495462 1495464
0.00 0.00 1500023 947.74 2.11 1500202 1780153 1500201 1500203
0.00 0.00 1500023 957.95 2.09 1504992 1785153 1504991 1504993
0.00 0.00 1500023 956.15 2.09 1509773 1790153 1509772 1509774
0.00 0.00 1500023 960.56 2.08 1514576 1795154 1514574 1514577
0.00 0.00 1500023 946.94 2.11 1519311 1800154 1519310 1519312
0.00 0.00 1500023 954.35 2.09 1524083 1805154 1524082 1524084
0.00 0.00 1500023 953.55 2.10 1528851 1810155 1528850 1528852
0.00 0.00 1500023 964.55 2.07 1533674 1815155 1533673 1533675
0.00 0.00 1500023 961.95 2.08 1538484 1820155 1538483 1538485
0.00 0.00 1500023 945.74 2.11 1543213 1825155 1543212 1543214
0.00 0.00 1500023 944.34 2.12 1547935 1830156 1547934 1547936
0.00 0.00 1500023 941.14 2.12 1552641 1835156 1552640 1552642
0.00 0.00 1500023 950.92 2.10 1557396 1840156 1557395 1557397
0.00 0.00 1500023 939.55 2.13 1562094 1845157 1562093 1562095
0.00 0.00 1500023 940.74 2.12 1566798 1850157 1566797 1566799
0.00 0.00 1500023 937.74 2.13 1571487 1855157 1571486 1571488
0.00 0.00 1500023 963.33 2.07 1576304 1860158 1576303 1576305
0.00 0.00 1500023 955.95 2.09 1581084 1865158 1581083 1581085
0.00 0.00 1500023 956.55 2.09 1585867 1870158 1585866 1585868
0.00 0.00 1500023 950.95 2.10 1590622 1875159 1590621 1590623
0.00 0.00 1500023 961.96 2.08 1595432 1880159 1595431 1595433
0.00 0.00 1500023 952.74 2.10 1600196 1885159 1600195 1600197
0.00 0.00 1500023 949.15 2.11 1604942 1890159 1604941 1604943
0.00 0.00 1500023 938.15 2.13 1609633 1895160 1609632 1609634
0.00 0.00 1500023 945.94 2.11 1614363 1900160 1614362 1614364
0.00 0.00 1500023 945.15 2.11 1619089 1905160 1619088 1619090
0.00 0.00 1500023 953.75 2.10 1623858 1910160 1623857 1623859
0.00 0.00 1500023 887.95 2.25 1628298 1915161 1628297 1628299
0.00 0.00 1500023 963.75 2.07 1633117 1920161 1633116 1633118
0.00 0.00 1500023 949.74 2.10 1637866 1925161 1637865 1637867
0.00 0.00 1500023 959.74 2.08 1642665 1930162 1642664 1642666
0.00 0.00 1500023 951.95 2.10 1647425 1935162 1647424 1647426
0.00 0.00 1500023 948.95 2.11 1652170 1940162 1652169 1652171
0.00 0.00 1500023 952.34 2.10 1656932 1945162 1656931 1656933
0.00 0.00 1500023 949.35 2.10 1661679 1950163 1661678 1661680
0.00 0.00 1500023 947.55 2.11 1666417 1955163 1666416 1666418
0.00 0.00 1500023 953.75 2.10 1671186 1960163 1671185 1671187
0.00 0.00 1500023 961.75 2.08 1675995 1965164 1675994 1675996
0.00 0.00 1500023 955.55 2.09 1680773 1970164 1680772 1680774
0.00 0.00 1500023 923.75 2.16 1685392 1975164 1685391 1685393
0.00 0.00 1500023 961.55 2.08 1690200 1980164 1690199 1690201
0.00 0.00 1500023 959.95 2.08 1695000 1985165 1694999 1695001
0.00 0.00 1500023 970.15 2.06 1699851 1990165 1699850 1699852
0.00 0.00 1500023 953.74 2.09 1704620 1995165 1704619 1704621
0.00 0.00 1500023 964.55 2.07 1709443 2000165 1709442 1709444
0.00 0.00 1500023 963.15 2.07 1714259 2005166 1714258 1714260
0.00 0.00 1500023 949.54 2.10 1719007 2010166 1719006 1719008
0.00 0.00 1500023 947.35 2.11 1723744 2015166 1723743 1723745
0.00 0.00 1500023 953.94 2.10 1728514 2020167 1728513 1728515
0.00 0.00 1500023 948.35 2.11 1733256 2025167 1733255 1733257
0.00 0.00 1500023 962.13 2.08 1738067 2030167 1738066 1738068
0.00 0.00 1500023 943.75 2.12 1742786 2035167 1742785 1742787
0.00 0.00 1500023 960.75 2.08 1747590 2040168 1747589 1747591
0.00 0.00 1500023 948.35 2.11 1752332 2045168 1752331 1752333
0.00 0.00 1500023 935.15 2.14 1757008 2050168 1757007 1757009
0.00 0.00 1500023 938.73 2.13 1761702 2055169 1761701 1761703
0.00 0.00 1500023 960.95 2.08 1766507 2060169 1766506 1766508
0.00 0.00 1500023 949.75 2.10 1771256 2065169 1771255 1771257
0.00 0.00 1500023 930.15 2.15 1775907 2070169 1775906 1775908
0.00 0.00 1500023 933.75 2.14 1780576 2075170 1780575 1780577
0.00 0.00 1500023 939.35 2.13 1785273 2080170 1785271 1785274
0.00 0.00 1500023 952.15 2.10 1790034 2085170 1790033 1790035
0.00 0.00 1500023 966.75 2.07 1794868 2090170 1794867 1794869
0.00 0.00 1500023 957.14 2.09 1799654 2095171 1799653 1799655
0.00 0.00 1500023 942.55 2.12 1804367 2100171 1804366 1804368
0.00 0.00 1500023 965.35 2.07 1809194 2105171 1809193 1809195
0.00 0.00 1500023 959.75 2.08 1813993 2110172 1813992 1813994
0.00 0.00 1500023 980.35 2.04 1818895 2115172 1818894 1818896
0.00 0.00 1500023 973.55 2.05 1823763 2120172 1823762 1823764
0.00 0.00 1500023 870.75 2.29 1828117 2125172 1828116 1828118
0.00 0.00 1500023 962.94 2.08 1832932 2130173 1832930 1832933
0.00 0.00 1500023 958.15 2.09 1837723 2135173 1837722 1837724
0.00 0.00 1500023 950.35 2.10 1842475 2140173 1842474 1842476
0.00 0.00 1500023 953.35 2.10 1847242 2145174 1847241 1847243
0.00 0.00 1500023 952.55 2.10 1852005 2150174 1852004 1852006
0.00 0.00 1500023 970.15 2.06 1856856 2155174 1856855 1856857
0.00 0.00 1500023 956.75 2.09 1861640 2160174 1861639 1861641
0.00 0.00 1500023 962.34 2.08 1866452 2165175 1866451 1866453
0.00 0.00 1500023 966.35 2.07 1871284 2170175 1871283 1871285
0.00 0.00 1500023 971.94 2.06 1876144 2175175 1876143 1876145
0.00 0.00 1500023 965.95 2.07 1880974 2180176 1880973 1880975
0.00 0.00 1500023 968.55 2.06 1885817 2185176 1885816 1885818
0.00 0.00 1500023 951.55 2.10 1890575 2190176 1890574 1890576
0.00 0.00 1500023 962.95 2.08 1895390 2195176 1895389 1895391
0.00 0.00 1500023 978.55 2.04 1900283 2200177 1900282 1900284
0.00 0.00 1500023 980.54 2.04 1905186 2205177 1905185 1905187
0.00 0.00 1500023 978.55 2.04 1910079 2210177 1910078 1910080
0.00 0.00 1500023 951.74 2.10 1914838 2215177 1914837 1914839
0.00 0.00 1500023 957.35 2.09 1919625 2220178 1919624 1919626
0.00 0.00 1500023 971.74 2.06 1924484 2225178 1924483 1924485
0.00 0.00 1500023 956.55 2.09 1929267 2230178 1929266 1929268
0.00 0.00 1500023 960.75 2.08 1934071 2235179 1934070 1934072
0.00 0.00 1500023 964.73 2.07 1938895 2240179 1938894 1938896
0.00 0.00 1500023 973.35 2.05 1943762 2245179 1943761 1943763
0.00 0.00 1500023 958.35 2.09 1948554 2250180 1948553 1948555
0.00 0.00 1500023 972.95 2.05 1953419 2255180 1953418 1953420
0.00 0.00 1500023 975.95 2.05 1958299 2260180 1958298 1958300
0.00 0.00 1500023 980.15 2.04 1963200 2265180 1963199 1963201
0.00 0.00 1500023 971.95 2.06 1968060 2270181 1968059 1968061
0.00 0.00 1500023 981.34 2.04 1972967 2275181 1972966 1972968
0.00 0.00 1500023 971.34 2.06 1977824 2280181 1977823 1977825
0.00 0.00 1500023 975.75 2.05 1982703 2285181 1982702 1982704
0.00 0.00 1500023 971.76 2.06 1987562 2290182 1987561 1987563
0.00 0.00 1500023 966.35 2.07 1992394 2295182 1992393 1992395
0.00 0.00 1500023 969.35 2.06 1997241 2300182 1997240 1997242
0.00 0.00 1500023 551.97 2.12 2000001 2305183 1999999 2000000
